########### array before sorts ###########
0	0.889000	1.270000	190.861000	1.143000	n
1	190.861000	1.143000	190.861000	101.143000	n
2	190.861000	101.143000	0.889000	101.270000	n
3	0.889000	101.270000	0.889000	1.270000	n
Tolerance=0.050000.
*Exact match for i=0 and j=1.
*i point 0.889000	1.270000	190.861000	1.143000	y
*Exact match for i=1 and j=2.
*i point 190.861000	1.143000	190.861000	101.143000	y
*Exact match for i=2 and j=3.
*i point 190.861000	101.143000	0.889000	101.270000	y
########### array after sorts ###########
0	0.889000	1.270000	190.861000	1.143000	y
1	190.861000	1.143000	190.861000	101.143000	y
2	190.861000	101.143000	0.889000	101.270000	y
3	0.889000	101.270000	0.889000	1.270000	y
***************
.BOARD_OUTLINE UNOWNED
1.6
0     0.889000     1.270000     0
0     190.861000     1.143000     0
0     190.861000     101.143000     0
0     0.889000     101.270000     0
0     0.889000     1.270000     0
