

Microchip Technology PIC18 LITE Macro Assembler V1.34 build -361300703 
                                                                                               Wed Feb 08 21:11:52 2017

Microchip Technology Omniscient Code Generator (Lite mode) build 201502162209
     1                           	processor	18F4550
     2                           	fnconf	rparam,??,?,0
     3                           	opt	pw 120
     4                           	opt	lm
     5                           	psect	intcodelo,global,reloc=2,class=CODE,delta=1
     6                           	psect	cinit,global,reloc=2,class=CODE,delta=1
     7                           	psect	bitbssCOMRAM,global,bit,class=COMRAM,space=1,delta=1
     8                           	psect	bssCOMRAM,global,class=COMRAM,space=1,delta=1
     9                           	psect	bssBANK0,global,class=BANK0,space=1,delta=1
    10                           	psect	cstackBANK0,global,class=BANK0,space=1,delta=1
    11                           	psect	cstackCOMRAM,global,class=COMRAM,space=1,delta=1
    12                           	psect	text0,global,reloc=2,class=CODE,delta=1
    13                           	psect	text1,global,reloc=2,class=CODE,delta=1
    14                           	psect	intcode,global,reloc=2,class=CODE,delta=1
    15                           	psect	intcode_body,global,reloc=2,class=CODE,delta=1
    16                           	psect	intsave_regs,global,class=BIGRAM,space=1,delta=1
    17                           	psect	rparam,global,class=COMRAM,space=1,delta=1
    18  0000                     _ADCON0	set	4034
    19  0000                     _ADCON0bits	set	4034
    20  0000                     _ADCON1	set	4033
    21  0000                     _ADCON2	set	4032
    22  0000                     _BAUDCONbits	set	4024
    23  0000                     _CCP1CON	set	4029
    24  0000                     _CCP2CON	set	4026
    25  0000                     _CCPR2L	set	4027
    26  0000                     _CMCON	set	4020
    27  0000                     _INTCON2bits	set	4081
    28  0000                     _INTCONbits	set	4082
    29  0000                     _IPR1bits	set	3999
    30  0000                     _IPR2bits	set	4002
    31  0000                     _PIE1bits	set	3997
    32  0000                     _PIE2bits	set	4000
    33  0000                     _PIR1bits	set	3998
    34  0000                     _PORTA	set	3968
    35  0000                     _PORTAbits	set	3968
    36  0000                     _PORTB	set	3969
    37  0000                     _PORTBbits	set	3969
    38  0000                     _PORTC	set	3970
    39  0000                     _PORTCbits	set	3970
    40  0000                     _PORTD	set	3971
    41  0000                     _PORTE	set	3972
    42  0000                     _PR2	set	4043
    43  0000                     _RCONbits	set	4048
    44  0000                     _RCREG	set	4014
    45  0000                     _RCSTAbits	set	4011
    46  0000                     _SPBRG	set	4015
    47  0000                     _SPBRGH	set	4016
    48  0000                     _T0CON	set	4053
    49  0000                     _T2CON	set	4042
    50  0000                     _T3CON	set	4017
    51  0000                     _TMR0L	set	4054
    52  0000                     _TRISA	set	3986
    53  0000                     _TRISB	set	3987
    54  0000                     _TRISC	set	3988
    55  0000                     _TRISD	set	3989
    56  0000                     _TRISE	set	3990
    57  0000                     _TXREG	set	4013
    58  0000                     _TXSTAbits	set	4012
    59                           
    60 ;; *************** function _LowISR *****************
    61 ;; Defined at:
    62 ;;		line 87 in file "main.c"
    63 ;; Parameters:    Size  Location     Type
    64 ;;		None
    65 ;; Auto vars:     Size  Location     Type
    66 ;;		None
    67 ;; Return value:  Size  Location     Type
    68 ;;		None               void
    69 ;; Registers used:
    70 ;;		wreg, fsr2l, fsr2h, status,2, status,0, prodl, prodh
    71 ;; Tracked objects:
    72 ;;		On entry : 0/0
    73 ;;		On exit  : 0/0
    74 ;;		Unchanged: 0/0
    75 ;; Data sizes:     COMRAM   BANK0   BANK1   BANK2   BANK3   BANK4   BANK5   BANK6   BANK7
    76 ;;      Params:         0       0       0       0       0       0       0       0       0
    77 ;;      Locals:         0       0       0       0       0       0       0       0       0
    78 ;;      Temps:         17       0       0       0       0       0       0       0       0
    79 ;;      Totals:        17       0       0       0       0       0       0       0       0
    80 ;;Total ram usage:       17 bytes
    81 ;; Hardware stack levels used:    1
    82 ;; Hardware stack levels required when called:    1
    83 ;; This function calls:
    84 ;;		Nothing
    85 ;; This function is called by:
    86 ;;		Interrupt level 1
    87 ;; This function uses a non-reentrant model
    88 ;;
    89                           
    90                           	psect	intcodelo
    91  000018                     __pintcodelo:
    92                           	opt stack 0
    93                           
    94                           ; #config settings
    95  000018                     _LowISR:
    96                           	opt stack 28
    97                           
    98                           ;incstack = 0
    99  000018  CFD8 F02F          	movff	status,??_LowISR
   100  00001C  CFE8 F030          	movff	wreg,??_LowISR+1
   101  000020  CFE0 F031          	movff	bsr,??_LowISR+2
   102  000024  CFFA F032          	movff	pclath,??_LowISR+3
   103  000028  CFFB F033          	movff	pclatu,??_LowISR+4
   104  00002C  CFE9 F034          	movff	fsr0l,??_LowISR+5
   105  000030  CFEA F035          	movff	fsr0h,??_LowISR+6
   106  000034  CFE1 F036          	movff	fsr1l,??_LowISR+7
   107  000038  CFE2 F037          	movff	fsr1h,??_LowISR+8
   108  00003C  CFD9 F038          	movff	fsr2l,??_LowISR+9
   109  000040  CFDA F039          	movff	fsr2h,??_LowISR+10
   110  000044  CFF3 F03A          	movff	prodl,??_LowISR+11
   111  000048  CFF4 F03B          	movff	prodh,??_LowISR+12
   112  00004C  CFF6 F03C          	movff	tblptrl,??_LowISR+13
   113  000050  CFF7 F03D          	movff	tblptrh,??_LowISR+14
   114  000054  CFF8 F03E          	movff	tblptru,??_LowISR+15
   115  000058  CFF5 F03F          	movff	tablat,??_LowISR+16
   116                           
   117                           ;main.c: 89: static unsigned char Indice;
   118                           ;main.c: 91: if(PIE1bits.RCIE && PIR1bits.RCIF){
   119  00005C  BA9D               	btfsc	3997,5,c	;volatile
   120  00005E  AA9E               	btfss	3998,5,c	;volatile
   121  000060  D013               	goto	i1l119
   122                           
   123                           ;main.c: 92: PIR1bits.RCIF = 0;
   124  000062  9A9E               	bcf	3998,5,c	;volatile
   125                           
   126                           ;main.c: 93: SerialIn[Indice] = RCREG;
   127  000064  5029               	movf	LowISR@Indice,w,c
   128  000066  0D01               	mullw	1
   129  000068  0E60               	movlw	low _SerialIn
   130  00006A  24F3               	addwf	prodl,w,c
   131  00006C  6ED9               	movwf	fsr2l,c
   132  00006E  0E00               	movlw	high _SerialIn
   133  000070  20F4               	addwfc	prodh,w,c
   134  000072  6EDA               	movwf	fsr2h,c
   135  000074  CFAE FFDF          	movff	4014,indf2	;volatile
   136                           
   137                           ;main.c: 94: Indice++;
   138  000078  2A29               	incf	LowISR@Indice,f,c
   139                           
   140                           ;main.c: 95: if(RCREG == '\r'){
   141  00007A  0E0D               	movlw	13
   142  00007C  18AE               	xorwf	4014,w,c	;volatile
   143  00007E  A4D8               	btfss	status,2,c
   144  000080  D003               	goto	i1l119
   145                           
   146                           ;main.c: 96: Indice = 0;
   147  000082  0E00               	movlw	0
   148  000084  6E29               	movwf	LowISR@Indice,c
   149  000086  D000               	goto	i1l119
   150  000088                     i1l119:
   151  000088  C03F  FFF5         	movff	??_LowISR+16,tablat
   152  00008C  C03E  FFF8         	movff	??_LowISR+15,tblptru
   153  000090  C03D  FFF7         	movff	??_LowISR+14,tblptrh
   154  000094  C03C  FFF6         	movff	??_LowISR+13,tblptrl
   155  000098  C03B  FFF4         	movff	??_LowISR+12,prodh
   156  00009C  C03A  FFF3         	movff	??_LowISR+11,prodl
   157  0000A0  C039  FFDA         	movff	??_LowISR+10,fsr2h
   158  0000A4  C038  FFD9         	movff	??_LowISR+9,fsr2l
   159  0000A8  C037  FFE2         	movff	??_LowISR+8,fsr1h
   160  0000AC  C036  FFE1         	movff	??_LowISR+7,fsr1l
   161  0000B0  C035  FFEA         	movff	??_LowISR+6,fsr0h
   162  0000B4  C034  FFE9         	movff	??_LowISR+5,fsr0l
   163  0000B8  C033  FFFB         	movff	??_LowISR+4,pclatu
   164  0000BC  C032  FFFA         	movff	??_LowISR+3,pclath
   165  0000C0  C031  FFE0         	movff	??_LowISR+2,bsr
   166  0000C4  C030  FFE8         	movff	??_LowISR+1,wreg
   167  0000C8  C02F  FFD8         	movff	??_LowISR,status
   168  0000CC  0010               	retfie	
   169  0000CE                     __end_of_LowISR:
   170                           	opt stack 0
   171                           pclatu	equ	0xFFB
   172                           pclath	equ	0xFFA
   173                           tblptru	equ	0xFF8
   174                           tblptrh	equ	0xFF7
   175                           tblptrl	equ	0xFF6
   176                           tablat	equ	0xFF5
   177                           prodh	equ	0xFF4
   178                           prodl	equ	0xFF3
   179                           fsr0h	equ	0xFEA
   180                           fsr0l	equ	0xFE9
   181                           wreg	equ	0xFE8
   182                           fsr1h	equ	0xFE2
   183                           fsr1l	equ	0xFE1
   184                           bsr	equ	0xFE0
   185                           indf2	equ	0xFDF
   186                           fsr2h	equ	0xFDA
   187                           fsr2l	equ	0xFD9
   188                           status	equ	0xFD8
   189                           
   190                           	psect	cinit
   191  0002CE                     __pcinit:
   192                           	opt stack 0
   193  0002CE                     start_initialization:
   194                           	opt stack 0
   195  0002CE                     __initialization:
   196                           	opt stack 0
   197                           
   198                           ; Clear objects allocated to BANK0 (40 bytes)
   199  0002CE  EE00  F060         	lfsr	0,__pbssBANK0
   200  0002D2  0E28               	movlw	40
   201  0002D4                     clear_0:
   202  0002D4  6AEE               	clrf	postinc0,c
   203  0002D6  06E8               	decf	wreg,f,c
   204  0002D8  E1FD               	bnz	clear_0
   205                           
   206                           ; Clear objects allocated to BITCOMRAM (1 bytes)
   207  0002DA  6A4E               	clrf	(__pbitbssCOMRAM/(0+8))& (0+255),c
   208                           
   209                           ; Clear objects allocated to COMRAM (46 bytes)
   210  0002DC  EE00  F001         	lfsr	0,__pbssCOMRAM
   211  0002E0  0E2E               	movlw	46
   212  0002E2                     clear_1:
   213  0002E2  6AEE               	clrf	postinc0,c
   214  0002E4  06E8               	decf	wreg,f,c
   215  0002E6  E1FD               	bnz	clear_1
   216  0002E8                     end_of_initialization:
   217                           	opt stack 0
   218  0002E8                     __end_of__initialization:
   219                           	opt stack 0
   220  0002E8  0100               	movlb	0
   221  0002EA  EFE1  F000         	goto	_main	;jump to C main() function
   222                           pclatu	equ	0xFFB
   223                           pclath	equ	0xFFA
   224                           tblptru	equ	0xFF8
   225                           tblptrh	equ	0xFF7
   226                           tblptrl	equ	0xFF6
   227                           tablat	equ	0xFF5
   228                           prodh	equ	0xFF4
   229                           prodl	equ	0xFF3
   230                           postinc0	equ	0xFEE
   231                           fsr0h	equ	0xFEA
   232                           fsr0l	equ	0xFE9
   233                           wreg	equ	0xFE8
   234                           fsr1h	equ	0xFE2
   235                           fsr1l	equ	0xFE1
   236                           bsr	equ	0xFE0
   237                           indf2	equ	0xFDF
   238                           fsr2h	equ	0xFDA
   239                           fsr2l	equ	0xFD9
   240                           status	equ	0xFD8
   241                           
   242                           	psect	bitbssCOMRAM
   243  000270                     __pbitbssCOMRAM:
   244                           	opt stack 0
   245  000270                     _IN0:
   246                           	opt stack 0
   247  000270                     	ds	1
   248  000271                     _IN1:
   249                           	opt stack 0
   250  000271                     	ds	1
   251  000272                     _OUT0:
   252                           	opt stack 0
   253  000272                     	ds	1
   254  000273                     _OUT1:
   255                           	opt stack 0
   256  000273                     	ds	1
   257                           pclatu	equ	0xFFB
   258                           pclath	equ	0xFFA
   259                           tblptru	equ	0xFF8
   260                           tblptrh	equ	0xFF7
   261                           tblptrl	equ	0xFF6
   262                           tablat	equ	0xFF5
   263                           prodh	equ	0xFF4
   264                           prodl	equ	0xFF3
   265                           postinc0	equ	0xFEE
   266                           fsr0h	equ	0xFEA
   267                           fsr0l	equ	0xFE9
   268                           wreg	equ	0xFE8
   269                           fsr1h	equ	0xFE2
   270                           fsr1l	equ	0xFE1
   271                           bsr	equ	0xFE0
   272                           indf2	equ	0xFDF
   273                           fsr2h	equ	0xFDA
   274                           fsr2l	equ	0xFD9
   275                           status	equ	0xFD8
   276                           
   277                           	psect	bssCOMRAM
   278  000001                     __pbssCOMRAM:
   279                           	opt stack 0
   280  000001                     _SerialOut:
   281                           	opt stack 0
   282  000001                     	ds	40
   283  000029                     LowISR@Indice:
   284                           	opt stack 0
   285  000029                     	ds	1
   286  00002A                     _Inputs10to17:
   287                           	opt stack 0
   288  00002A                     	ds	1
   289  00002B                     _Inputs2to9:
   290                           	opt stack 0
   291  00002B                     	ds	1
   292  00002C                     _Inputss18to25:
   293                           	opt stack 0
   294  00002C                     	ds	1
   295  00002D                     _Outputs10to17:
   296                           	opt stack 0
   297  00002D                     	ds	1
   298  00002E                     _Outputs2to9:
   299                           	opt stack 0
   300  00002E                     	ds	1
   301                           pclatu	equ	0xFFB
   302                           pclath	equ	0xFFA
   303                           tblptru	equ	0xFF8
   304                           tblptrh	equ	0xFF7
   305                           tblptrl	equ	0xFF6
   306                           tablat	equ	0xFF5
   307                           prodh	equ	0xFF4
   308                           prodl	equ	0xFF3
   309                           postinc0	equ	0xFEE
   310                           fsr0h	equ	0xFEA
   311                           fsr0l	equ	0xFE9
   312                           wreg	equ	0xFE8
   313                           fsr1h	equ	0xFE2
   314                           fsr1l	equ	0xFE1
   315                           bsr	equ	0xFE0
   316                           indf2	equ	0xFDF
   317                           fsr2h	equ	0xFDA
   318                           fsr2l	equ	0xFD9
   319                           status	equ	0xFD8
   320                           
   321                           	psect	bssBANK0
   322  000060                     __pbssBANK0:
   323                           	opt stack 0
   324  000060                     _SerialIn:
   325                           	opt stack 0
   326  000060                     	ds	40
   327                           pclatu	equ	0xFFB
   328                           pclath	equ	0xFFA
   329                           tblptru	equ	0xFF8
   330                           tblptrh	equ	0xFF7
   331                           tblptrl	equ	0xFF6
   332                           tablat	equ	0xFF5
   333                           prodh	equ	0xFF4
   334                           prodl	equ	0xFF3
   335                           postinc0	equ	0xFEE
   336                           fsr0h	equ	0xFEA
   337                           fsr0l	equ	0xFE9
   338                           wreg	equ	0xFE8
   339                           fsr1h	equ	0xFE2
   340                           fsr1l	equ	0xFE1
   341                           bsr	equ	0xFE0
   342                           indf2	equ	0xFDF
   343                           fsr2h	equ	0xFDA
   344                           fsr2l	equ	0xFD9
   345                           status	equ	0xFD8
   346                           
   347                           	psect	cstackBANK0
   348  000088                     __pcstackBANK0:
   349                           	opt stack 0
   350  000088                     ??_main:
   351                           
   352                           ; 0 bytes @ 0x0
   353  000088                     	ds	1
   354  000089                     main@cont:
   355                           	opt stack 0
   356                           
   357                           ; 2 bytes @ 0x1
   358  000089                     	ds	2
   359  00008B                     main@imagem:
   360                           	opt stack 0
   361                           
   362                           ; 1 bytes @ 0x3
   363  00008B                     	ds	1
   364                           pclatu	equ	0xFFB
   365                           pclath	equ	0xFFA
   366                           tblptru	equ	0xFF8
   367                           tblptrh	equ	0xFF7
   368                           tblptrl	equ	0xFF6
   369                           tablat	equ	0xFF5
   370                           prodh	equ	0xFF4
   371                           prodl	equ	0xFF3
   372                           postinc0	equ	0xFEE
   373                           fsr0h	equ	0xFEA
   374                           fsr0l	equ	0xFE9
   375                           wreg	equ	0xFE8
   376                           fsr1h	equ	0xFE2
   377                           fsr1l	equ	0xFE1
   378                           bsr	equ	0xFE0
   379                           indf2	equ	0xFDF
   380                           fsr2h	equ	0xFDA
   381                           fsr2l	equ	0xFD9
   382                           status	equ	0xFD8
   383                           
   384                           	psect	cstackCOMRAM
   385  00002F                     __pcstackCOMRAM:
   386                           	opt stack 0
   387  00002F                     ??_LowISR:
   388  00002F                     
   389                           ; 0 bytes @ 0x0
   390  00002F                     	ds	17
   391  000040                     ??_HighISR:
   392                           
   393                           ; 0 bytes @ 0x11
   394  000040                     	ds	14
   395                           pclatu	equ	0xFFB
   396                           pclath	equ	0xFFA
   397                           tblptru	equ	0xFF8
   398                           tblptrh	equ	0xFF7
   399                           tblptrl	equ	0xFF6
   400                           tablat	equ	0xFF5
   401                           prodh	equ	0xFF4
   402                           prodl	equ	0xFF3
   403                           postinc0	equ	0xFEE
   404                           fsr0h	equ	0xFEA
   405                           fsr0l	equ	0xFE9
   406                           wreg	equ	0xFE8
   407                           fsr1h	equ	0xFE2
   408                           fsr1l	equ	0xFE1
   409                           bsr	equ	0xFE0
   410                           indf2	equ	0xFDF
   411                           fsr2h	equ	0xFDA
   412                           fsr2l	equ	0xFD9
   413                           status	equ	0xFD8
   414                           
   415 ;;
   416 ;;Main: autosize = 0, tempsize = 1, incstack = 0, save=0
   417 ;;
   418 ;; *************** function _main *****************
   419 ;; Defined at:
   420 ;;		line 305 in file "main.c"
   421 ;; Parameters:    Size  Location     Type
   422 ;;		None
   423 ;; Auto vars:     Size  Location     Type
   424 ;;  cont            2    1[BANK0 ] unsigned int 
   425 ;;  imagem          1    3[BANK0 ] unsigned char 
   426 ;; Return value:  Size  Location     Type
   427 ;;		None               void
   428 ;; Registers used:
   429 ;;		wreg, status,2, status,0, cstack
   430 ;; Tracked objects:
   431 ;;		On entry : 0/0
   432 ;;		On exit  : 0/0
   433 ;;		Unchanged: 0/0
   434 ;; Data sizes:     COMRAM   BANK0   BANK1   BANK2   BANK3   BANK4   BANK5   BANK6   BANK7
   435 ;;      Params:         0       0       0       0       0       0       0       0       0
   436 ;;      Locals:         0       3       0       0       0       0       0       0       0
   437 ;;      Temps:          0       1       0       0       0       0       0       0       0
   438 ;;      Totals:         0       4       0       0       0       0       0       0       0
   439 ;;Total ram usage:        4 bytes
   440 ;; Hardware stack levels required when called:    3
   441 ;; This function calls:
   442 ;;		_Inicializacao
   443 ;; This function is called by:
   444 ;;		Startup code after reset
   445 ;; This function uses a non-reentrant model
   446 ;;
   447                           
   448                           	psect	text0
   449  0001C2                     __ptext0:
   450                           	opt stack 0
   451  0001C2                     _main:
   452                           	opt stack 28
   453                           
   454                           ;main.c: 306: unsigned int cont;
   455                           ;main.c: 307: unsigned char imagem = 1;
   456                           
   457                           ;incstack = 0
   458  0001C2  0E01               	movlw	1
   459  0001C4  0100               	movlb	0	; () banked
   460  0001C6  6F8B               	movwf	main@imagem& (0+255),b
   461                           
   462                           ; BSR set to: 0
   463                           ;main.c: 308: Inicializacao();
   464  0001C8  EC27  F001         	call	_Inicializacao	;wreg free
   465                           
   466                           ;main.c: 309: CCPR2L = 50;
   467  0001CC  0E32               	movlw	50
   468  0001CE  6EBB               	movwf	4027,c	;volatile
   469  0001D0  D000               	goto	l1224
   470  0001D2                     l1224:
   471                           
   472                           ;main.c: 311: for(cont=0;cont<50;cont++)
   473  0001D2  0E00               	movlw	0
   474  0001D4  0100               	movlb	0	; () banked
   475  0001D6  6F8A               	movwf	(main@cont+1)& (0+255),b
   476  0001D8  0E00               	movlw	0
   477  0001DA  6F89               	movwf	main@cont& (0+255),b
   478                           
   479                           ; BSR set to: 0
   480  0001DC  0100               	movlb	0	; () banked
   481  0001DE  518A               	movf	(main@cont+1)& (0+255),w,b
   482  0001E0  E117               	bnz	l174
   483  0001E2  0E32               	movlw	50
   484  0001E4  0100               	movlb	0	; () banked
   485  0001E6  5D89               	subwf	main@cont& (0+255),w,b
   486  0001E8  B0D8               	btfsc	status,0,c
   487  0001EA  D012               	goto	l174
   488  0001EC  D001               	goto	l1230
   489                           
   490                           ; BSR set to: 0
   491  0001EE  D010               	goto	l174
   492  0001F0                     l1230:
   493                           
   494                           ; BSR set to: 0
   495                           ;main.c: 312: _delay((unsigned long)((10)*(20000000/4000.0)));
   496  0001F0  0E41               	movlw	65
   497  0001F2  0100               	movlb	0	; () banked
   498  0001F4  6F88               	movwf	??_main& (0+255),b
   499  0001F6  0EEE               	movlw	238
   500  0001F8                     u657:
   501  0001F8  2EE8               	decfsz	wreg,f,c
   502  0001FA  D7FE               	goto	u657
   503  0001FC  2F88               	decfsz	??_main& (0+255),f,b
   504  0001FE  D7FC               	goto	u657
   505  000200  D000               	nop2	
   506  000202  0100               	movlb	0	; () banked
   507  000204  4B89               	infsnz	main@cont& (0+255),f,b
   508  000206  2B8A               	incf	(main@cont+1)& (0+255),f,b
   509  000208  0100               	movlb	0	; () banked
   510  00020A  518A               	movf	(main@cont+1)& (0+255),w,b
   511  00020C  E101               	bnz	u600
   512  00020E  D7E9               	goto	L1
   513  000210                     u600:
   514  000210                     l174:
   515                           
   516                           ; BSR set to: 0
   517                           ;main.c: 313: OUT0 = IN0;
   518  000210  944E               	bcf	_OUT0/(0+8),_OUT0& (0+7),c
   519  000212  B04E               	btfsc	_IN0/(0+8),_IN0& (0+7),c
   520  000214  844E               	bsf	_OUT0/(0+8),_OUT0& (0+7),c
   521                           
   522                           ;main.c: 314: OUT1 = IN1;
   523  000216  964E               	bcf	_OUT1/(0+8),_OUT1& (0+7),c
   524  000218  B24E               	btfsc	_IN1/(0+8),_IN1& (0+7),c
   525  00021A  864E               	bsf	_OUT1/(0+8),_OUT1& (0+7),c
   526                           
   527                           ;main.c: 315: PORTBbits.RB5 = IN0;
   528  00021C  A04E               	btfss	_IN0/(0+8),_IN0& (0+7),c
   529  00021E  D002               	bra	u635
   530  000220  8A81               	bsf	3969,5,c	;volatile
   531  000222  D001               	bra	u637
   532  000224                     u635:
   533  000224  9A81               	bcf	3969,5,c	;volatile
   534  000226                     u637:
   535                           
   536                           ;main.c: 316: Outputs10to17 = imagem;
   537  000226  C08B  F02D         	movff	main@imagem,_Outputs10to17
   538                           
   539                           ;main.c: 317: Outputs2to9 = Inputss18to25;
   540  00022A  C02C  F02E         	movff	_Inputss18to25,_Outputs2to9
   541                           
   542                           ;main.c: 318: imagem = imagem << 1;
   543  00022E  0100               	movlb	0	; () banked
   544  000230  518B               	movf	main@imagem& (0+255),w,b
   545  000232  258B               	addwf	main@imagem& (0+255),w,b
   546  000234  0100               	movlb	0	; () banked
   547  000236  6F8B               	movwf	main@imagem& (0+255),b
   548                           
   549                           ; BSR set to: 0
   550                           ;main.c: 319: if(imagem == 0) imagem = 1;
   551  000238  0100               	movlb	0	; () banked
   552  00023A  518B               	movf	main@imagem& (0+255),w,b
   553  00023C  0100               	movlb	0	; () banked
   554  00023E  A4D8               	btfss	status,2,c
   555  000240  D7C8               	goto	l1224
   556                           
   557                           ; BSR set to: 0
   558  000242  0E01               	movlw	1
   559  000244  0100               	movlb	0	; () banked
   560  000246  6F8B               	movwf	main@imagem& (0+255),b
   561                           
   562                           ; BSR set to: 0
   563                           
   564                           ; BSR set to: 0
   565  000248  D7C4               	goto	l1224
   566                           
   567                           ; BSR set to: 0
   568                           
   569                           ; BSR set to: 0
   570                           ;main.c: 320: }
   571                           ;main.c: 321: return;
   572  00024A  EF67  F000         	goto	start
   573  00024E                     __end_of_main:
   574                           	opt stack 0
   575                           pclatu	equ	0xFFB
   576                           pclath	equ	0xFFA
   577                           tblptru	equ	0xFF8
   578                           tblptrh	equ	0xFF7
   579                           tblptrl	equ	0xFF6
   580                           tablat	equ	0xFF5
   581                           prodh	equ	0xFF4
   582                           prodl	equ	0xFF3
   583                           postinc0	equ	0xFEE
   584                           fsr0h	equ	0xFEA
   585                           fsr0l	equ	0xFE9
   586                           wreg	equ	0xFE8
   587                           fsr1h	equ	0xFE2
   588                           fsr1l	equ	0xFE1
   589                           bsr	equ	0xFE0
   590                           indf2	equ	0xFDF
   591                           fsr2h	equ	0xFDA
   592                           fsr2l	equ	0xFD9
   593                           status	equ	0xFD8
   594                           
   595 ;; *************** function _Inicializacao *****************
   596 ;; Defined at:
   597 ;;		line 108 in file "main.c"
   598 ;; Parameters:    Size  Location     Type
   599 ;;		None
   600 ;; Auto vars:     Size  Location     Type
   601 ;;		None
   602 ;; Return value:  Size  Location     Type
   603 ;;		None               void
   604 ;; Registers used:
   605 ;;		wreg, status,2
   606 ;; Tracked objects:
   607 ;;		On entry : 0/0
   608 ;;		On exit  : 0/0
   609 ;;		Unchanged: 0/0
   610 ;; Data sizes:     COMRAM   BANK0   BANK1   BANK2   BANK3   BANK4   BANK5   BANK6   BANK7
   611 ;;      Params:         0       0       0       0       0       0       0       0       0
   612 ;;      Locals:         0       0       0       0       0       0       0       0       0
   613 ;;      Temps:          0       0       0       0       0       0       0       0       0
   614 ;;      Totals:         0       0       0       0       0       0       0       0       0
   615 ;;Total ram usage:        0 bytes
   616 ;; Hardware stack levels used:    1
   617 ;; Hardware stack levels required when called:    2
   618 ;; This function calls:
   619 ;;		Nothing
   620 ;; This function is called by:
   621 ;;		_main
   622 ;; This function uses a non-reentrant model
   623 ;;
   624                           
   625                           	psect	text1
   626  00024E                     __ptext1:
   627                           	opt stack 0
   628  00024E                     _Inicializacao:
   629                           	opt stack 28
   630                           
   631                           ;main.c: 111: ADCON0 = 0;
   632                           
   633                           ; BSR set to: 0
   634                           ;incstack = 0
   635  00024E  0E00               	movlw	0
   636  000250  6EC2               	movwf	4034,c	;volatile
   637                           
   638                           ;main.c: 112: ADCON1 = 0b00011010;
   639  000252  0E1A               	movlw	26
   640  000254  6EC1               	movwf	4033,c	;volatile
   641                           
   642                           ;main.c: 113: ADCON2 = 0b10100101;
   643  000256  0EA5               	movlw	165
   644  000258  6EC0               	movwf	4032,c	;volatile
   645                           
   646                           ;main.c: 114: CMCON = 7;
   647  00025A  0E07               	movlw	7
   648  00025C  6EB4               	movwf	4020,c	;volatile
   649                           
   650                           ;main.c: 115: TRISA = 0x3F;
   651  00025E  0E3F               	movlw	63
   652  000260  6E92               	movwf	3986,c	;volatile
   653                           
   654                           ;main.c: 116: PORTA = 0;
   655  000262  0E00               	movlw	0
   656  000264  6E80               	movwf	3968,c	;volatile
   657                           
   658                           ;main.c: 117: TRISB = 0b11000011;
   659  000266  0EC3               	movlw	195
   660  000268  6E93               	movwf	3987,c	;volatile
   661                           
   662                           ;main.c: 118: PORTB = 0;
   663  00026A  0E00               	movlw	0
   664  00026C  6E81               	movwf	3969,c	;volatile
   665                           
   666                           ;main.c: 119: TRISC = 0xFF;
   667  00026E  6894               	setf	3988,c	;volatile
   668                           
   669                           ;main.c: 120: PORTC = 0;
   670  000270  0E00               	movlw	0
   671  000272  6E82               	movwf	3970,c	;volatile
   672                           
   673                           ;main.c: 121: TRISD = 0xFF;
   674  000274  6895               	setf	3989,c	;volatile
   675                           
   676                           ;main.c: 122: PORTD = 0;
   677  000276  0E00               	movlw	0
   678  000278  6E83               	movwf	3971,c	;volatile
   679                           
   680                           ;main.c: 123: TRISE = 0;
   681  00027A  0E00               	movlw	0
   682  00027C  6E96               	movwf	3990,c	;volatile
   683                           
   684                           ;main.c: 124: PORTE = 0;
   685  00027E  0E00               	movlw	0
   686  000280  6E84               	movwf	3972,c	;volatile
   687                           
   688                           ;main.c: 127: SPBRGH = 2;
   689  000282  0E02               	movlw	2
   690  000284  6EB0               	movwf	4016,c	;volatile
   691                           
   692                           ;main.c: 128: SPBRG = 8;
   693  000286  0E08               	movlw	8
   694  000288  6EAF               	movwf	4015,c	;volatile
   695                           
   696                           ;main.c: 129: BAUDCONbits.BRG16 = 1;
   697  00028A  86B8               	bsf	4024,3,c	;volatile
   698                           
   699                           ;main.c: 130: TXSTAbits.BRGH = 1;
   700  00028C  84AC               	bsf	4012,2,c	;volatile
   701                           
   702                           ;main.c: 131: TXSTAbits.TXEN = 1;
   703  00028E  8AAC               	bsf	4012,5,c	;volatile
   704                           
   705                           ;main.c: 132: RCSTAbits.SPEN = 1;
   706  000290  8EAB               	bsf	4011,7,c	;volatile
   707                           
   708                           ;main.c: 133: RCSTAbits.CREN = 1;
   709  000292  88AB               	bsf	4011,4,c	;volatile
   710                           
   711                           ;main.c: 134: IPR1bits.RCIP = 0;
   712  000294  9A9F               	bcf	3999,5,c	;volatile
   713                           
   714                           ;main.c: 135: PIE1bits.RCIE = 0;
   715  000296  9A9D               	bcf	3997,5,c	;volatile
   716                           
   717                           ;main.c: 137: ADCON0bits.ADON = 1;
   718  000298  80C2               	bsf	4034,0,c	;volatile
   719                           
   720                           ;main.c: 140: T0CON = 0b11000110;
   721  00029A  0EC6               	movlw	198
   722  00029C  6ED5               	movwf	4053,c	;volatile
   723                           
   724                           ;main.c: 141: TMR0L = 60;
   725  00029E  0E3C               	movlw	60
   726  0002A0  6ED6               	movwf	4054,c	;volatile
   727                           
   728                           ;main.c: 142: INTCON2bits.T0IP = 1;
   729  0002A2  84F1               	bsf	intcon2,2,c	;volatile
   730                           
   731                           ;main.c: 143: INTCONbits.TMR0IE = 1;
   732  0002A4  8AF2               	bsf	intcon,5,c	;volatile
   733                           
   734                           ;main.c: 145: PR2 = 100;
   735  0002A6  0E64               	movlw	100
   736  0002A8  6ECB               	movwf	4043,c	;volatile
   737                           
   738                           ;main.c: 146: CCPR2L = 0x1F;
   739  0002AA  0E1F               	movlw	31
   740  0002AC  6EBB               	movwf	4027,c	;volatile
   741                           
   742                           ;main.c: 147: T2CON = 0b00000100;
   743  0002AE  0E04               	movlw	4
   744  0002B0  6ECA               	movwf	4042,c	;volatile
   745                           
   746                           ;main.c: 148: CCP2CON = 0x0F;
   747  0002B2  0E0F               	movlw	15
   748  0002B4  6EBA               	movwf	4026,c	;volatile
   749                           
   750                           ;main.c: 151: T3CON = 0b11111001;
   751  0002B6  0EF9               	movlw	249
   752  0002B8  6EB1               	movwf	4017,c	;volatile
   753                           
   754                           ;main.c: 152: PIE2bits.TMR3IE = 1;
   755  0002BA  82A0               	bsf	4000,1,c	;volatile
   756                           
   757                           ;main.c: 153: IPR2bits.TMR3IP = 0;
   758  0002BC  92A2               	bcf	4002,1,c	;volatile
   759                           
   760                           ;main.c: 155: CCP1CON = 0b00000101;
   761  0002BE  0E05               	movlw	5
   762  0002C0  6EBD               	movwf	4029,c	;volatile
   763                           
   764                           ;main.c: 156: IPR1bits.CCP1IP = 0;
   765  0002C2  949F               	bcf	3999,2,c	;volatile
   766                           
   767                           ;main.c: 157: PIE1bits.CCP1IE = 1;
   768  0002C4  849D               	bsf	3997,2,c	;volatile
   769                           
   770                           ;main.c: 160: RCONbits.IPEN = 1;
   771  0002C6  8ED0               	bsf	4048,7,c	;volatile
   772                           
   773                           ;main.c: 161: INTCONbits.GIEH = 1;
   774  0002C8  8EF2               	bsf	intcon,7,c	;volatile
   775                           
   776                           ;main.c: 162: INTCONbits.GIEL = 0;
   777  0002CA  9CF2               	bcf	intcon,6,c	;volatile
   778  0002CC  0012               	return		;funcret
   779  0002CE                     __end_of_Inicializacao:
   780                           	opt stack 0
   781                           pclatu	equ	0xFFB
   782                           pclath	equ	0xFFA
   783                           tblptru	equ	0xFF8
   784                           tblptrh	equ	0xFF7
   785                           tblptrl	equ	0xFF6
   786                           tablat	equ	0xFF5
   787                           prodh	equ	0xFF4
   788                           prodl	equ	0xFF3
   789                           intcon	equ	0xFF2
   790                           intcon2	equ	0xFF1
   791                           postinc0	equ	0xFEE
   792                           fsr0h	equ	0xFEA
   793                           fsr0l	equ	0xFE9
   794                           wreg	equ	0xFE8
   795                           fsr1h	equ	0xFE2
   796                           fsr1l	equ	0xFE1
   797                           bsr	equ	0xFE0
   798                           indf2	equ	0xFDF
   799                           fsr2h	equ	0xFDA
   800                           fsr2l	equ	0xFD9
   801                           status	equ	0xFD8
   802                           
   803 ;; *************** function _HighISR *****************
   804 ;; Defined at:
   805 ;;		line 37 in file "main.c"
   806 ;; Parameters:    Size  Location     Type
   807 ;;		None
   808 ;; Auto vars:     Size  Location     Type
   809 ;;		None
   810 ;; Return value:  Size  Location     Type
   811 ;;		None               void
   812 ;; Registers used:
   813 ;;		wreg, status,2
   814 ;; Tracked objects:
   815 ;;		On entry : 0/0
   816 ;;		On exit  : 0/0
   817 ;;		Unchanged: 0/0
   818 ;; Data sizes:     COMRAM   BANK0   BANK1   BANK2   BANK3   BANK4   BANK5   BANK6   BANK7
   819 ;;      Params:         0       0       0       0       0       0       0       0       0
   820 ;;      Locals:         0       0       0       0       0       0       0       0       0
   821 ;;      Temps:         14       0       0       0       0       0       0       0       0
   822 ;;      Totals:        14       0       0       0       0       0       0       0       0
   823 ;;Total ram usage:       14 bytes
   824 ;; Hardware stack levels used:    1
   825 ;; This function calls:
   826 ;;		Nothing
   827 ;; This function is called by:
   828 ;;		Interrupt level 2
   829 ;; This function uses a non-reentrant model
   830 ;;
   831                           
   832                           	psect	intcode
   833  000008                     __pintcode:
   834                           	opt stack 0
   835  000008                     _HighISR:
   836                           	opt stack 28
   837                           
   838                           ;incstack = 0
   839  000008  CFFA F040          	movff	pclath,??_HighISR
   840  00000C  CFFB F041          	movff	pclatu,??_HighISR+1
   841  000010  CFE9 F042          	movff	fsr0l,??_HighISR+2
   842  000014  ED69  F000         	call	int_func,f	;refresh shadow registers
   843                           pclatu	equ	0xFFB
   844                           pclath	equ	0xFFA
   845                           tblptru	equ	0xFF8
   846                           tblptrh	equ	0xFF7
   847                           tblptrl	equ	0xFF6
   848                           tablat	equ	0xFF5
   849                           prodh	equ	0xFF4
   850                           prodl	equ	0xFF3
   851                           intcon	equ	0xFF2
   852                           intcon2	equ	0xFF1
   853                           postinc0	equ	0xFEE
   854                           fsr0h	equ	0xFEA
   855                           fsr0l	equ	0xFE9
   856                           wreg	equ	0xFE8
   857                           fsr1h	equ	0xFE2
   858                           fsr1l	equ	0xFE1
   859                           bsr	equ	0xFE0
   860                           indf2	equ	0xFDF
   861                           fsr2h	equ	0xFDA
   862                           fsr2l	equ	0xFD9
   863                           status	equ	0xFD8
   864                           
   865                           	psect	intcode_body
   866  0000D2                     __pintcode_body:
   867                           	opt stack 28
   868  0000D2                     int_func:
   869                           	opt stack 28
   870  0000D2  0006               	pop		; remove dummy address from shadow register refresh
   871  0000D4  CFEA F043          	movff	fsr0h,??_HighISR+3
   872  0000D8  CFE1 F044          	movff	fsr1l,??_HighISR+4
   873  0000DC  CFE2 F045          	movff	fsr1h,??_HighISR+5
   874  0000E0  CFD9 F046          	movff	fsr2l,??_HighISR+6
   875  0000E4  CFDA F047          	movff	fsr2h,??_HighISR+7
   876  0000E8  CFF3 F048          	movff	prodl,??_HighISR+8
   877  0000EC  CFF4 F049          	movff	prodh,??_HighISR+9
   878  0000F0  CFF6 F04A          	movff	tblptrl,??_HighISR+10
   879  0000F4  CFF7 F04B          	movff	tblptrh,??_HighISR+11
   880  0000F8  CFF8 F04C          	movff	tblptru,??_HighISR+12
   881  0000FC  CFF5 F04D          	movff	tablat,??_HighISR+13
   882                           
   883                           ;main.c: 41: if(INTCONbits.T0IE && INTCONbits.T0IF){
   884  000100  BAF2               	btfsc	intcon,5,c	;volatile
   885  000102  A4F2               	btfss	intcon,2,c	;volatile
   886  000104  D041               	goto	i2l112
   887                           
   888                           ;main.c: 42: TMR0L = 60;
   889  000106  0E3C               	movlw	60
   890  000108  6ED6               	movwf	4054,c	;volatile
   891                           
   892                           ;main.c: 43: INTCONbits.T0IF = 0;
   893  00010A  94F2               	bcf	intcon,2,c	;volatile
   894                           
   895                           ;main.c: 44: IN0 = PORTAbits.RA4;
   896  00010C  904E               	bcf	_IN0/(0+8),_IN0& (0+7),c
   897  00010E  B880               	btfsc	3968,4,c	;volatile
   898  000110  804E               	bsf	_IN0/(0+8),_IN0& (0+7),c
   899                           
   900                           ;main.c: 45: IN1 = PORTCbits.RC2;
   901  000112  924E               	bcf	_IN1/(0+8),_IN1& (0+7),c
   902  000114  B482               	btfsc	3970,2,c	;volatile
   903  000116  824E               	bsf	_IN1/(0+8),_IN1& (0+7),c
   904                           
   905                           ;main.c: 46: TRISD = 0xFF;
   906  000118  6895               	setf	3989,c	;volatile
   907                           
   908                           ;main.c: 47: PORTE = 1;
   909  00011A  0E01               	movlw	1
   910  00011C  6E84               	movwf	3972,c	;volatile
   911                           
   912                           ;main.c: 48: __nop();
   913  00011E  F000               	nop	
   914                           
   915                           ;main.c: 49: __nop();
   916  000120  F000               	nop	
   917                           
   918                           ;main.c: 50: __nop();
   919  000122  F000               	nop	
   920                           
   921                           ;main.c: 51: Inputs2to9 = PORTD;
   922  000124  CF83 F02B          	movff	3971,_Inputs2to9	;volatile
   923                           
   924                           ;main.c: 52: PORTE = 3;
   925  000128  0E03               	movlw	3
   926  00012A  6E84               	movwf	3972,c	;volatile
   927                           
   928                           ;main.c: 53: __nop();
   929  00012C  F000               	nop	
   930                           
   931                           ;main.c: 54: __nop();
   932  00012E  F000               	nop	
   933                           
   934                           ;main.c: 55: __nop();
   935  000130  F000               	nop	
   936                           
   937                           ;main.c: 56: Inputs10to17 = PORTD;
   938  000132  CF83 F02A          	movff	3971,_Inputs10to17	;volatile
   939                           
   940                           ;main.c: 57: PORTE = 4;
   941  000136  0E04               	movlw	4
   942  000138  6E84               	movwf	3972,c	;volatile
   943                           
   944                           ;main.c: 58: __nop();
   945  00013A  F000               	nop	
   946                           
   947                           ;main.c: 59: __nop();
   948  00013C  F000               	nop	
   949                           
   950                           ;main.c: 60: __nop();
   951  00013E  F000               	nop	
   952                           
   953                           ;main.c: 61: Inputss18to25 = PORTD;
   954  000140  CF83 F02C          	movff	3971,_Inputss18to25	;volatile
   955                           
   956                           ;main.c: 62: PORTE = 2;
   957  000144  0E02               	movlw	2
   958  000146  6E84               	movwf	3972,c	;volatile
   959                           
   960                           ;main.c: 63: __nop();
   961  000148  F000               	nop	
   962                           
   963                           ;main.c: 64: TRISD = 0;
   964  00014A  0E00               	movlw	0
   965  00014C  6E95               	movwf	3989,c	;volatile
   966                           
   967                           ;main.c: 65: __nop();
   968  00014E  F000               	nop	
   969                           
   970                           ;main.c: 66: __nop();
   971  000150  F000               	nop	
   972                           
   973                           ;main.c: 67: __nop();
   974  000152  F000               	nop	
   975                           
   976                           ;main.c: 68: PORTD = Outputs2to9;
   977  000154  C02E  FF83         	movff	_Outputs2to9,3971	;volatile
   978                           
   979                           ;main.c: 69: __nop();
   980  000158  F000               	nop	
   981                           
   982                           ;main.c: 70: PORTE = 5;
   983  00015A  0E05               	movlw	5
   984  00015C  6E84               	movwf	3972,c	;volatile
   985                           
   986                           ;main.c: 71: __nop();
   987  00015E  F000               	nop	
   988                           
   989                           ;main.c: 72: __nop();
   990  000160  F000               	nop	
   991                           
   992                           ;main.c: 73: __nop();
   993  000162  F000               	nop	
   994                           
   995                           ;main.c: 74: PORTD = Outputs10to17;
   996  000164  C02D  FF83         	movff	_Outputs10to17,3971	;volatile
   997                           
   998                           ;main.c: 75: __nop();
   999  000168  F000               	nop	
  1000                           
  1001                           ;main.c: 76: PORTE = 0;
  1002  00016A  0E00               	movlw	0
  1003  00016C  6E84               	movwf	3972,c	;volatile
  1004                           
  1005                           ;main.c: 77: __nop();
  1006  00016E  F000               	nop	
  1007                           
  1008                           ;main.c: 78: TRISD = 0xFF;
  1009  000170  6895               	setf	3989,c	;volatile
  1010                           
  1011                           ;main.c: 79: PORTBbits.RB2 = OUT0;
  1012  000172  A44E               	btfss	_OUT0/(0+8),_OUT0& (0+7),c
  1013  000174  D002               	bra	i2u7_45
  1014  000176  8481               	bsf	3969,2,c	;volatile
  1015  000178  D001               	bra	i2u7_47
  1016  00017A                     i2u7_45:
  1017  00017A  9481               	bcf	3969,2,c	;volatile
  1018  00017C                     i2u7_47:
  1019                           
  1020                           ;main.c: 80: PORTBbits.RB4 = OUT1;
  1021  00017C  A64E               	btfss	_OUT1/(0+8),_OUT1& (0+7),c
  1022  00017E  D002               	bra	i2u8_45
  1023  000180  8881               	bsf	3969,4,c	;volatile
  1024  000182  D001               	bra	i2u8_47
  1025  000184                     i2u8_45:
  1026  000184  9881               	bcf	3969,4,c	;volatile
  1027  000186                     i2u8_47:
  1028  000186  D000               	goto	i2l112
  1029  000188                     i2l112:
  1030  000188  C04D  FFF5         	movff	??_HighISR+13,tablat
  1031  00018C  C04C  FFF8         	movff	??_HighISR+12,tblptru
  1032  000190  C04B  FFF7         	movff	??_HighISR+11,tblptrh
  1033  000194  C04A  FFF6         	movff	??_HighISR+10,tblptrl
  1034  000198  C049  FFF4         	movff	??_HighISR+9,prodh
  1035  00019C  C048  FFF3         	movff	??_HighISR+8,prodl
  1036  0001A0  C047  FFDA         	movff	??_HighISR+7,fsr2h
  1037  0001A4  C046  FFD9         	movff	??_HighISR+6,fsr2l
  1038  0001A8  C045  FFE2         	movff	??_HighISR+5,fsr1h
  1039  0001AC  C044  FFE1         	movff	??_HighISR+4,fsr1l
  1040  0001B0  C043  FFEA         	movff	??_HighISR+3,fsr0h
  1041  0001B4  C042  FFE9         	movff	??_HighISR+2,fsr0l
  1042  0001B8  C041  FFFB         	movff	??_HighISR+1,pclatu
  1043  0001BC  C040  FFFA         	movff	??_HighISR,pclath
  1044  0001C0  0011               	retfie		f
  1045  0001C2                     __end_of_HighISR:
  1046                           	opt stack 0
  1047  0000                     pclatu	equ	0xFFB
  1048                           pclath	equ	0xFFA
  1049                           tblptru	equ	0xFF8
  1050                           tblptrh	equ	0xFF7
  1051                           tblptrl	equ	0xFF6
  1052                           tablat	equ	0xFF5
  1053                           prodh	equ	0xFF4
  1054                           prodl	equ	0xFF3
  1055                           intcon	equ	0xFF2
  1056                           intcon2	equ	0xFF1
  1057                           postinc0	equ	0xFEE
  1058                           fsr0h	equ	0xFEA
  1059                           fsr0l	equ	0xFE9
  1060                           wreg	equ	0xFE8
  1061                           fsr1h	equ	0xFE2
  1062                           fsr1l	equ	0xFE1
  1063                           bsr	equ	0xFE0
  1064                           indf2	equ	0xFDF
  1065                           fsr2h	equ	0xFDA
  1066                           fsr2l	equ	0xFD9
  1067                           status	equ	0xFD8
  1068                           pclatu	equ	0xFFB
  1069                           pclath	equ	0xFFA
  1070                           tblptru	equ	0xFF8
  1071                           tblptrh	equ	0xFF7
  1072                           tblptrl	equ	0xFF6
  1073                           tablat	equ	0xFF5
  1074                           prodh	equ	0xFF4
  1075                           prodl	equ	0xFF3
  1076                           intcon	equ	0xFF2
  1077                           intcon2	equ	0xFF1
  1078                           postinc0	equ	0xFEE
  1079                           fsr0h	equ	0xFEA
  1080                           fsr0l	equ	0xFE9
  1081                           wreg	equ	0xFE8
  1082                           fsr1h	equ	0xFE2
  1083                           fsr1l	equ	0xFE1
  1084                           bsr	equ	0xFE0
  1085                           indf2	equ	0xFDF
  1086                           fsr2h	equ	0xFDA
  1087                           fsr2l	equ	0xFD9
  1088                           status	equ	0xFD8
  1089                           
  1090                           	psect	rparam
  1091  0000                     pclatu	equ	0xFFB
  1092                           pclath	equ	0xFFA
  1093                           tblptru	equ	0xFF8
  1094                           tblptrh	equ	0xFF7
  1095                           tblptrl	equ	0xFF6
  1096                           tablat	equ	0xFF5
  1097                           prodh	equ	0xFF4
  1098                           prodl	equ	0xFF3
  1099                           intcon	equ	0xFF2
  1100                           intcon2	equ	0xFF1
  1101                           postinc0	equ	0xFEE
  1102                           fsr0h	equ	0xFEA
  1103                           fsr0l	equ	0xFE9
  1104                           wreg	equ	0xFE8
  1105                           fsr1h	equ	0xFE2
  1106                           fsr1l	equ	0xFE1
  1107                           bsr	equ	0xFE0
  1108                           indf2	equ	0xFDF
  1109                           fsr2h	equ	0xFDA
  1110                           fsr2l	equ	0xFD9
  1111                           status	equ	0xFD8


Data Sizes:
    Strings     0
    Constant    0
    Data        0
    BSS         86
    Persistent  0
    Stack       0

Auto Spaces:
    Space          Size  Autos    Used
    COMRAM           95     31      78
    BANK0           160      4      44
    BANK1           256      0       0
    BANK2           256      0       0
    BANK3           256      0       0
    BANK4           256      0       0
    BANK5           256      0       0
    BANK6           256      0       0
    BANK7           256      0       0

Pointer List with Targets:

    None.

Critical Paths under _main in COMRAM

    None.

Critical Paths under _HighISR in COMRAM

    None.

Critical Paths under _LowISR in COMRAM

    None.

Critical Paths under _main in BANK0

    None.

Critical Paths under _HighISR in BANK0

    None.

Critical Paths under _LowISR in BANK0

    None.

Critical Paths under _main in BANK1

    None.

Critical Paths under _HighISR in BANK1

    None.

Critical Paths under _LowISR in BANK1

    None.

Critical Paths under _main in BANK2

    None.

Critical Paths under _HighISR in BANK2

    None.

Critical Paths under _LowISR in BANK2

    None.

Critical Paths under _main in BANK3

    None.

Critical Paths under _HighISR in BANK3

    None.

Critical Paths under _LowISR in BANK3

    None.

Critical Paths under _main in BANK4

    None.

Critical Paths under _HighISR in BANK4

    None.

Critical Paths under _LowISR in BANK4

    None.

Critical Paths under _main in BANK5

    None.

Critical Paths under _HighISR in BANK5

    None.

Critical Paths under _LowISR in BANK5

    None.

Critical Paths under _main in BANK6

    None.

Critical Paths under _HighISR in BANK6

    None.

Critical Paths under _LowISR in BANK6

    None.

Critical Paths under _main in BANK7

    None.

Critical Paths under _HighISR in BANK7

    None.

Critical Paths under _LowISR in BANK7

    None.

Call Graph Tables:

 ---------------------------------------------------------------------------------
 (Depth) Function   	        Calls       Base Space   Used Autos Params    Refs
 ---------------------------------------------------------------------------------
 (0) _main                                                 4     4      0     115
                                              0 BANK0      4     4      0
                      _Inicializacao
 ---------------------------------------------------------------------------------
 (1) _Inicializacao                                        0     0      0       0
 ---------------------------------------------------------------------------------
 Estimated maximum stack depth 1
 ---------------------------------------------------------------------------------
 (Depth) Function   	        Calls       Base Space   Used Autos Params    Refs
 ---------------------------------------------------------------------------------
 (2) _LowISR                                              17    17      0       0
                                              0 COMRAM    17    17      0
 ---------------------------------------------------------------------------------
 Estimated maximum stack depth 2
 ---------------------------------------------------------------------------------
 (Depth) Function   	        Calls       Base Space   Used Autos Params    Refs
 ---------------------------------------------------------------------------------
 (3) _HighISR                                             14    14      0       0
                                             17 COMRAM    14    14      0
 ---------------------------------------------------------------------------------
 Estimated maximum stack depth 3
 ---------------------------------------------------------------------------------

 Call Graph Graphs:

 _main (ROOT)
   _Inicializacao

 _LowISR (ROOT)

 _HighISR (ROOT)

 Address spaces:
Name               Size   Autos  Total    Cost      Usage
BIGRAM             7FF      0       0      21        0.0%
EEDATA             100      0       0       0        0.0%
BITBANK7           100      0       0      18        0.0%
BANK7              100      0       0      19        0.0%
BITBANK6           100      0       0      16        0.0%
BANK6              100      0       0      17        0.0%
BITBANK5           100      0       0      14        0.0%
BANK5              100      0       0      15        0.0%
BITBANK4           100      0       0      12        0.0%
BANK4              100      0       0      13        0.0%
BITBANK3           100      0       0      10        0.0%
BANK3              100      0       0      11        0.0%
BITBANK2           100      0       0       8        0.0%
BANK2              100      0       0       9        0.0%
BITBANK1           100      0       0       6        0.0%
BANK1              100      0       0       7        0.0%
BITBANK0            A0      0       0       4        0.0%
BANK0               A0      4      2C       5       27.5%
BITCOMRAM           5F      0       1       0        1.1%
COMRAM              5F     1F      4E       1       82.1%
BITSFR               0      0       0      40        0.0%
SFR                  0      0       0      40        0.0%
STACK                0      0       0       2        0.0%
NULL                 0      0       0       0        0.0%
ABS                  0      0      7A      20        0.0%
DATA                 0      0      7A       3        0.0%
CODE                 0      0       0       0        0.0%


Microchip Technology PIC18 Macro Assembler V1.34 build -361300703 
Symbol Table                                                                                   Wed Feb 08 21:11:52 2017

                     bsr 000FE0            _Outputs10to17 002D              __CFG_BORV$3 000000  
           __CFG_CP0$OFF 000000             __CFG_CP1$OFF 000000             __CFG_CP2$OFF 000000  
           __CFG_CP3$OFF 000000                      l174 0210                      _IN0 0270  
                    _IN1 0271             __CFG_CPB$OFF 000000                      _PR2 000FCB  
                    u600 0210             __CFG_CPD$OFF 000000                      u635 0224  
                    u637 0226                      u657 01F8            _Inicializacao 024E  
           __CFG_BOR$OFF 000000                      prod 000FF3                      wreg 000FE8  
           __CFG_FOSC$HS 000000             __CFG_LVP$OFF 000000             __CFG_WDT$OFF 000000  
                   l1230 01F0                     l1224 01D2                     _OUT0 0272  
                   _OUT1 0273                     _main 01C2                     fsr0h 000FEA  
                   fsr1h 000FE2                     fsr0l 000FE9                     fsr2h 000FDA  
                   fsr1l 000FE1                     indf2 000FDF                     fsr2l 000FD9  
                   pclat 000FFA                     prodh 000FF4                     prodl 000FF3  
                   start 00CE            __CFG_IESO$OFF 000000          __end_of_HighISR 01C2  
          __CFG_MCLRE$ON 000000             ___param_bank 000010            __CFG_PLLDIV$1 000000  
                  ?_main 002F           ?_Inicializacao 002F                    _CMCON 000FB4  
                  _T0CON 000FD5                    _T2CON 000FCA                    _T3CON 000FB1  
                  i1l119 0088                    i2l112 0188                    _RCREG 000FAE  
                  _TMR0L 000FD6                    _SPBRG 000FAF                    _PORTA 000F80  
                  _PORTB 000F81                    _PORTC 000F82                    _PORTD 000F83  
                  _PORTE 000F84            __CFG_USBDIV$1 000000                    _TRISA 000F92  
                  _TRISB 000F93                    _TRISC 000F94                    _TRISD 000F95  
                  _TRISE 000F96                    _TXREG 000FAD            __CFG_PWRT$OFF 000000  
          __CFG_WRT0$OFF 000000            __CFG_WRT1$OFF 000000            __CFG_WRT2$OFF 000000  
          __CFG_WRT3$OFF 000000           __CFG_EBTR0$OFF 000000           __CFG_FCMEN$OFF 000000  
         __CFG_EBTR1$OFF 000000           __CFG_EBTR2$OFF 000000           __CFG_EBTR3$OFF 000000  
          __CFG_WRTB$OFF 000000            __CFG_WRTC$OFF 000000            __CFG_WRTD$OFF 000000  
         __CFG_EBTRB$OFF 000000           __pbitbssCOMRAM 0270                    tablat 000FF5  
                  status 000FD8          __initialization 02CE             __end_of_main 024E  
                 ??_main 0088            __activetblptr 000000               _Inputs2to9 002B  
        __CFG_CCP2MX$OFF 000000                   _ADCON0 000FC2                   _ADCON1 000FC1  
                 _ADCON2 000FC0                   _CCPR2L 000FBB                ??_HighISR 0040  
                 _SPBRGH 000FB0                   i2u7_45 017A                   i2u7_47 017C  
                 i2u8_45 0184                   i2u8_47 0186                   _LowISR 0018  
         __CFG_XINST$OFF 000000          ??_Inicializacao 0088                   clear_0 02D4  
                 clear_1 02E2             LowISR@Indice 0029                   tblptrh 000FF7  
                 tblptrl 000FF6                   tblptru 000FF8               __accesstop 0060  
__end_of__initialization 02E8          __CFG_PBADEN$OFF 000000            ___rparam_used 000001  
         __pcstackCOMRAM 002F               __pbssBANK0 0060                  ?_LowISR 002F  
          _Inputss18to25 002C                  _CCP1CON 000FBD                  _CCP2CON 000FBA  
        __CFG_VREGEN$OFF 000000                  _HighISR 0008                  __Hparam 0000  
                __Lparam 0000          __size_of_LowISR 00B6          __CFG_STVREN$OFF 000000  
                __pcinit 02CE                  __ramtop 0800                  __ptext0 01C2  
                __ptext1 024E           __pintcode_body 00D2     end_of_initialization 02E8  
                int_func 00D2                _RCSTAbits 000FAB                  postinc0 000FEE  
              _PORTAbits 000F80                _PORTBbits 000F81                _PORTCbits 000F82  
            _Outputs2to9 002E               main@imagem 008B                _TXSTAbits 000FAC  
         __end_of_LowISR 00CE              _BAUDCONbits 000FB8    __end_of_Inicializacao 02CE  
    start_initialization 02CE                 ??_LowISR 002F                _SerialOut 0001  
       __CFG_LPT1OSC$OFF 000000              __pbssCOMRAM 0001            __pcstackBANK0 0088  
           _Inputs10to17 002A                 ?_HighISR 002F                __pintcode 0008  
            __pintcodelo 0018                 _IPR1bits 000F9F                 _IPR2bits 000FA2  
               _PIE1bits 000F9D                 _PIE2bits 000FA0                 _PIR1bits 000F9E  
               _RCONbits 000FD0         __CFG_WDTPS$32768 000000               _ADCON0bits 000FC2  
            _INTCON2bits 000FF1         __size_of_HighISR 01BA                 __Hrparam 0000  
               _SerialIn 0060                 __Lrparam 0000            __size_of_main 008C  
               main@cont 0089    __CFG_CPUDIV$OSC1_PLL2 000000               _INTCONbits 000FF2  
               intlevel1 0000                 intlevel2 0000   __size_of_Inicializacao 0080  
